==19254== Memcheck, a memory error detector
==19254== Copyright (C) 2002-2013, and GNU GPL'd, by Julian Seward et al.
==19254== Using Valgrind-3.10.1 and LibVEX; rerun with -h for copyright info
==19254== Command: ../bin/BTTE btte.conf.dbg
==19254== Parent PID: 19253
==19254== 
==19254== Invalid free() / delete / delete[] / realloc()
==19254==    at 0x4C2A011: operator delete(void*) (vg_replace_malloc.c:507)
==19254==    by 0x406499: __gnu_cxx::new_allocator<std::_Rb_tree_node<int> >::deallocate(std::_Rb_tree_node<int>*, unsigned long) (new_allocator.h:110)
==19254==    by 0x4061A7: std::_Rb_tree<int, int, std::_Identity<int>, std::less<int>, std::allocator<int> >::_M_put_node(std::_Rb_tree_node<int>*) (stl_tree.h:374)
==19254==    by 0x40591D: std::_Rb_tree<int, int, std::_Identity<int>, std::less<int>, std::allocator<int> >::_M_destroy_node(std::_Rb_tree_node<int>*) (stl_tree.h:422)
==19254==    by 0x408F53: std::_Rb_tree<int, int, std::_Identity<int>, std::less<int>, std::allocator<int> >::_M_erase_aux(std::_Rb_tree_const_iterator<int>) (stl_tree.h:1746)
==19254==    by 0x408DE0: std::_Rb_tree<int, int, std::_Identity<int>, std::less<int>, std::allocator<int> >::erase[abi:cxx11](std::_Rb_tree_const_iterator<int>) (stl_tree.h:809)
==19254==    by 0x417928: std::set<int, std::less<int>, std::allocator<int> >::erase[abi:cxx11](std::_Rb_tree_const_iterator<int>) (stl_set.h:552)
==19254==    by 0x4171F6: btte_peer_selection::IPeerSelect::ExcludeSelf(std::set<int, std::less<int>, std::allocator<int> > const&) (peer_selection.cpp:48)
==19254==    by 0x41725F: btte_peer_selection::IPeerSelect::SetCandidates(std::set<int, std::less<int>, std::allocator<int> > const&, bool) (peer_selection.cpp:60)
==19254==    by 0x4206A5: btte_peer_selection::ClusterBased::StartSelection(int, std::set<int, std::less<int>, std::allocator<int> > const&) (CB_peer_selection.cpp:83)
==19254==    by 0x41B324: PeerManager::AllotNeighbors(int) const (peer_manager.cpp:352)
==19254==    by 0x40B29B: EventHandler::PeerListReqRecvEvent(Event&) (event_handler.cpp:509)
==19254==  Address 0xffefff718 is on thread 1's stack
==19254==  in frame #8, created by btte_peer_selection::IPeerSelect::SetCandidates(std::set<int, std::less<int>, std::allocator<int> > const&, bool) (peer_selection.cpp:57)
==19254== 
==19254== Invalid read of size 8
==19254==    at 0x4058C8: std::_Rb_tree<int, int, std::_Identity<int>, std::less<int>, std::allocator<int> >::_S_right(std::_Rb_tree_node_base*) (stl_tree.h:537)
==19254==    by 0x405199: std::_Rb_tree<int, int, std::_Identity<int>, std::less<int>, std::allocator<int> >::_M_erase(std::_Rb_tree_node<int>*) (stl_tree.h:1125)
==19254==    by 0x404AC5: std::_Rb_tree<int, int, std::_Identity<int>, std::less<int>, std::allocator<int> >::~_Rb_tree() (stl_tree.h:671)
==19254==    by 0x40473F: std::set<int, std::less<int>, std::allocator<int> >::~set() (stl_set.h:90)
==19254==    by 0x41765A: btte_peer_selection::IPeerSelect::SetCandidates(std::set<int, std::less<int>, std::allocator<int> > const&, bool) (peer_selection.cpp:109)
==19254==    by 0x4206A5: btte_peer_selection::ClusterBased::StartSelection(int, std::set<int, std::less<int>, std::allocator<int> > const&) (CB_peer_selection.cpp:83)
==19254==    by 0x41B324: PeerManager::AllotNeighbors(int) const (peer_manager.cpp:352)
==19254==    by 0x40B29B: EventHandler::PeerListReqRecvEvent(Event&) (event_handler.cpp:509)
==19254==    by 0x41198E: void std::_Mem_fn<void (EventHandler::*)(Event&)>::operator()<Event&, void>(EventHandler&, Event&) const (in /home/jm1592/BTTE/bin/BTTE)
==19254==    by 0x40F271: std::_Function_handler<void (EventHandler&, Event&), void (EventHandler::*)(Event&)>::_M_invoke(std::_Any_data const&, EventHandler&, Event&) (functional:2158)
==19254==    by 0x40CC56: std::function<void (EventHandler&, Event&)>::operator()(EventHandler&, Event&) const (functional:2471)
==19254==    by 0x40AE6C: EventHandler::ProcessArrival(Event&) (event_handler.cpp:430)
==19254==  Address 0x5abba98 is 24 bytes inside a block of size 40 free'd
==19254==    at 0x4C2A011: operator delete(void*) (vg_replace_malloc.c:507)
==19254==    by 0x406499: __gnu_cxx::new_allocator<std::_Rb_tree_node<int> >::deallocate(std::_Rb_tree_node<int>*, unsigned long) (new_allocator.h:110)
==19254==    by 0x4061A7: std::_Rb_tree<int, int, std::_Identity<int>, std::less<int>, std::allocator<int> >::_M_put_node(std::_Rb_tree_node<int>*) (stl_tree.h:374)
==19254==    by 0x40591D: std::_Rb_tree<int, int, std::_Identity<int>, std::less<int>, std::allocator<int> >::_M_destroy_node(std::_Rb_tree_node<int>*) (stl_tree.h:422)
==19254==    by 0x4051CE: std::_Rb_tree<int, int, std::_Identity<int>, std::less<int>, std::allocator<int> >::_M_erase(std::_Rb_tree_node<int>*) (stl_tree.h:1127)
==19254==    by 0x4051AB: std::_Rb_tree<int, int, std::_Identity<int>, std::less<int>, std::allocator<int> >::_M_erase(std::_Rb_tree_node<int>*) (stl_tree.h:1125)
==19254==    by 0x404AC5: std::_Rb_tree<int, int, std::_Identity<int>, std::less<int>, std::allocator<int> >::~_Rb_tree() (stl_tree.h:671)
==19254==    by 0x40473F: std::set<int, std::less<int>, std::allocator<int> >::~set() (stl_set.h:90)
==19254==    by 0x41765A: btte_peer_selection::IPeerSelect::SetCandidates(std::set<int, std::less<int>, std::allocator<int> > const&, bool) (peer_selection.cpp:109)
==19254==    by 0x4206A5: btte_peer_selection::ClusterBased::StartSelection(int, std::set<int, std::less<int>, std::allocator<int> > const&) (CB_peer_selection.cpp:83)
==19254==    by 0x41B324: PeerManager::AllotNeighbors(int) const (peer_manager.cpp:352)
==19254==    by 0x40B29B: EventHandler::PeerListReqRecvEvent(Event&) (event_handler.cpp:509)
==19254== 
==19254== Invalid read of size 8
==19254==    at 0x4058DA: std::_Rb_tree<int, int, std::_Identity<int>, std::less<int>, std::allocator<int> >::_S_left(std::_Rb_tree_node_base*) (stl_tree.h:529)
==19254==    by 0x4051B7: std::_Rb_tree<int, int, std::_Identity<int>, std::less<int>, std::allocator<int> >::_M_erase(std::_Rb_tree_node<int>*) (stl_tree.h:1126)
==19254==    by 0x404AC5: std::_Rb_tree<int, int, std::_Identity<int>, std::less<int>, std::allocator<int> >::~_Rb_tree() (stl_tree.h:671)
==19254==    by 0x40473F: std::set<int, std::less<int>, std::allocator<int> >::~set() (stl_set.h:90)
==19254==    by 0x41765A: btte_peer_selection::IPeerSelect::SetCandidates(std::set<int, std::less<int>, std::allocator<int> > const&, bool) (peer_selection.cpp:109)
==19254==    by 0x4206A5: btte_peer_selection::ClusterBased::StartSelection(int, std::set<int, std::less<int>, std::allocator<int> > const&) (CB_peer_selection.cpp:83)
==19254==    by 0x41B324: PeerManager::AllotNeighbors(int) const (peer_manager.cpp:352)
==19254==    by 0x40B29B: EventHandler::PeerListReqRecvEvent(Event&) (event_handler.cpp:509)
==19254==    by 0x41198E: void std::_Mem_fn<void (EventHandler::*)(Event&)>::operator()<Event&, void>(EventHandler&, Event&) const (in /home/jm1592/BTTE/bin/BTTE)
==19254==    by 0x40F271: std::_Function_handler<void (EventHandler&, Event&), void (EventHandler::*)(Event&)>::_M_invoke(std::_Any_data const&, EventHandler&, Event&) (functional:2158)
==19254==    by 0x40CC56: std::function<void (EventHandler&, Event&)>::operator()(EventHandler&, Event&) const (functional:2471)
==19254==    by 0x40AE6C: EventHandler::ProcessArrival(Event&) (event_handler.cpp:430)
==19254==  Address 0x5abba90 is 16 bytes inside a block of size 40 free'd
==19254==    at 0x4C2A011: operator delete(void*) (vg_replace_malloc.c:507)
==19254==    by 0x406499: __gnu_cxx::new_allocator<std::_Rb_tree_node<int> >::deallocate(std::_Rb_tree_node<int>*, unsigned long) (new_allocator.h:110)
==19254==    by 0x4061A7: std::_Rb_tree<int, int, std::_Identity<int>, std::less<int>, std::allocator<int> >::_M_put_node(std::_Rb_tree_node<int>*) (stl_tree.h:374)
==19254==    by 0x40591D: std::_Rb_tree<int, int, std::_Identity<int>, std::less<int>, std::allocator<int> >::_M_destroy_node(std::_Rb_tree_node<int>*) (stl_tree.h:422)
==19254==    by 0x4051CE: std::_Rb_tree<int, int, std::_Identity<int>, std::less<int>, std::allocator<int> >::_M_erase(std::_Rb_tree_node<int>*) (stl_tree.h:1127)
==19254==    by 0x4051AB: std::_Rb_tree<int, int, std::_Identity<int>, std::less<int>, std::allocator<int> >::_M_erase(std::_Rb_tree_node<int>*) (stl_tree.h:1125)
==19254==    by 0x404AC5: std::_Rb_tree<int, int, std::_Identity<int>, std::less<int>, std::allocator<int> >::~_Rb_tree() (stl_tree.h:671)
==19254==    by 0x40473F: std::set<int, std::less<int>, std::allocator<int> >::~set() (stl_set.h:90)
==19254==    by 0x41765A: btte_peer_selection::IPeerSelect::SetCandidates(std::set<int, std::less<int>, std::allocator<int> > const&, bool) (peer_selection.cpp:109)
==19254==    by 0x4206A5: btte_peer_selection::ClusterBased::StartSelection(int, std::set<int, std::less<int>, std::allocator<int> > const&) (CB_peer_selection.cpp:83)
==19254==    by 0x41B324: PeerManager::AllotNeighbors(int) const (peer_manager.cpp:352)
==19254==    by 0x40B29B: EventHandler::PeerListReqRecvEvent(Event&) (event_handler.cpp:509)
==19254== 
==19254== Conditional jump or move depends on uninitialised value(s)
==19254==    at 0x404CB7: std::vector<Peer, std::allocator<Peer> >::_M_range_check(unsigned long) const (stl_vector.h:793)
==19254==    by 0x404764: std::vector<Peer, std::allocator<Peer> >::at(unsigned long) (stl_vector.h:812)
==19254==    by 0x42056D: btte_peer_selection::ClusterBased::AssignNeighbors(std::map<int, Neighbor, std::less<int>, std::allocator<std::pair<int const, Neighbor> > >&, unsigned long, int) (CB_peer_selection.cpp:49)
==19254==    by 0x4206DD: btte_peer_selection::ClusterBased::StartSelection(int, std::set<int, std::less<int>, std::allocator<int> > const&) (CB_peer_selection.cpp:86)
==19254==    by 0x41B324: PeerManager::AllotNeighbors(int) const (peer_manager.cpp:352)
==19254==    by 0x40B29B: EventHandler::PeerListReqRecvEvent(Event&) (event_handler.cpp:509)
==19254==    by 0x41198E: void std::_Mem_fn<void (EventHandler::*)(Event&)>::operator()<Event&, void>(EventHandler&, Event&) const (in /home/jm1592/BTTE/bin/BTTE)
==19254==    by 0x40F271: std::_Function_handler<void (EventHandler&, Event&), void (EventHandler::*)(Event&)>::_M_invoke(std::_Any_data const&, EventHandler&, Event&) (functional:2158)
==19254==    by 0x40CC56: std::function<void (EventHandler&, Event&)>::operator()(EventHandler&, Event&) const (functional:2471)
==19254==    by 0x40AE6C: EventHandler::ProcessArrival(Event&) (event_handler.cpp:430)
==19254==    by 0x40B641: EventHandler::ProcessEvent(Event&) (event_handler.cpp:620)
==19254==    by 0x40B6DB: EventHandler::StartRoutine() (event_handler.cpp:639)
==19254==  Uninitialised value was created by a heap allocation
==19254==    at 0x4C2968A: operator new[](unsigned long) (vg_replace_malloc.c:389)
==19254==    by 0x4172A4: btte_peer_selection::IPeerSelect::SetCandidates(std::set<int, std::less<int>, std::allocator<int> > const&, bool) (peer_selection.cpp:63)
==19254==    by 0x4206A5: btte_peer_selection::ClusterBased::StartSelection(int, std::set<int, std::less<int>, std::allocator<int> > const&) (CB_peer_selection.cpp:83)
==19254==    by 0x41B324: PeerManager::AllotNeighbors(int) const (peer_manager.cpp:352)
==19254==    by 0x40B29B: EventHandler::PeerListReqRecvEvent(Event&) (event_handler.cpp:509)
==19254==    by 0x41198E: void std::_Mem_fn<void (EventHandler::*)(Event&)>::operator()<Event&, void>(EventHandler&, Event&) const (in /home/jm1592/BTTE/bin/BTTE)
==19254==    by 0x40F271: std::_Function_handler<void (EventHandler&, Event&), void (EventHandler::*)(Event&)>::_M_invoke(std::_Any_data const&, EventHandler&, Event&) (functional:2158)
==19254==    by 0x40CC56: std::function<void (EventHandler&, Event&)>::operator()(EventHandler&, Event&) const (functional:2471)
==19254==    by 0x40AE6C: EventHandler::ProcessArrival(Event&) (event_handler.cpp:430)
==19254==    by 0x40B641: EventHandler::ProcessEvent(Event&) (event_handler.cpp:620)
==19254==    by 0x40B6DB: EventHandler::StartRoutine() (event_handler.cpp:639)
==19254==    by 0x41817F: main (btte.cpp:81)
==19254== 
==19254== Use of uninitialised value of size 8
==19254==    at 0x406CF0: Peer::get_cid() const (peer.cpp:84)
==19254==    by 0x420575: btte_peer_selection::ClusterBased::AssignNeighbors(std::map<int, Neighbor, std::less<int>, std::allocator<std::pair<int const, Neighbor> > >&, unsigned long, int) (CB_peer_selection.cpp:49)
==19254==    by 0x4206DD: btte_peer_selection::ClusterBased::StartSelection(int, std::set<int, std::less<int>, std::allocator<int> > const&) (CB_peer_selection.cpp:86)
==19254==    by 0x41B324: PeerManager::AllotNeighbors(int) const (peer_manager.cpp:352)
==19254==    by 0x40B29B: EventHandler::PeerListReqRecvEvent(Event&) (event_handler.cpp:509)
==19254==    by 0x41198E: void std::_Mem_fn<void (EventHandler::*)(Event&)>::operator()<Event&, void>(EventHandler&, Event&) const (in /home/jm1592/BTTE/bin/BTTE)
==19254==    by 0x40F271: std::_Function_handler<void (EventHandler&, Event&), void (EventHandler::*)(Event&)>::_M_invoke(std::_Any_data const&, EventHandler&, Event&) (functional:2158)
==19254==    by 0x40CC56: std::function<void (EventHandler&, Event&)>::operator()(EventHandler&, Event&) const (functional:2471)
==19254==    by 0x40AE6C: EventHandler::ProcessArrival(Event&) (event_handler.cpp:430)
==19254==    by 0x40B641: EventHandler::ProcessEvent(Event&) (event_handler.cpp:620)
==19254==    by 0x40B6DB: EventHandler::StartRoutine() (event_handler.cpp:639)
==19254==    by 0x41817F: main (btte.cpp:81)
==19254==  Uninitialised value was created by a heap allocation
==19254==    at 0x4C2968A: operator new[](unsigned long) (vg_replace_malloc.c:389)
==19254==    by 0x4172A4: btte_peer_selection::IPeerSelect::SetCandidates(std::set<int, std::less<int>, std::allocator<int> > const&, bool) (peer_selection.cpp:63)
==19254==    by 0x4206A5: btte_peer_selection::ClusterBased::StartSelection(int, std::set<int, std::less<int>, std::allocator<int> > const&) (CB_peer_selection.cpp:83)
==19254==    by 0x41B324: PeerManager::AllotNeighbors(int) const (peer_manager.cpp:352)
==19254==    by 0x40B29B: EventHandler::PeerListReqRecvEvent(Event&) (event_handler.cpp:509)
==19254==    by 0x41198E: void std::_Mem_fn<void (EventHandler::*)(Event&)>::operator()<Event&, void>(EventHandler&, Event&) const (in /home/jm1592/BTTE/bin/BTTE)
==19254==    by 0x40F271: std::_Function_handler<void (EventHandler&, Event&), void (EventHandler::*)(Event&)>::_M_invoke(std::_Any_data const&, EventHandler&, Event&) (functional:2158)
==19254==    by 0x40CC56: std::function<void (EventHandler&, Event&)>::operator()(EventHandler&, Event&) const (functional:2471)
==19254==    by 0x40AE6C: EventHandler::ProcessArrival(Event&) (event_handler.cpp:430)
==19254==    by 0x40B641: EventHandler::ProcessEvent(Event&) (event_handler.cpp:620)
==19254==    by 0x40B6DB: EventHandler::StartRoutine() (event_handler.cpp:639)
==19254==    by 0x41817F: main (btte.cpp:81)
==19254== 
==19254== Conditional jump or move depends on uninitialised value(s)
==19254==    at 0x414BF3: std::_Rb_tree<int, std::pair<int const, Neighbor>, std::_Select1st<std::pair<int const, Neighbor> >, std::less<int>, std::allocator<std::pair<int const, Neighbor> > >::_M_get_insert_unique_pos(int const&) (stl_tree.h:1325)
==19254==    by 0x414A9D: std::pair<std::_Rb_tree_iterator<std::pair<int const, Neighbor> >, bool> std::_Rb_tree<int, std::pair<int const, Neighbor>, std::_Select1st<std::pair<int const, Neighbor> >, std::less<int>, std::allocator<std::pair<int const, Neighbor> > >::_M_insert_unique<std::pair<int, Neighbor> >(std::pair<int, Neighbor>&&) (stl_tree.h:1377)
==19254==    by 0x414A07: std::pair<std::_Rb_tree_iterator<std::pair<int const, Neighbor> >, bool> std::map<int, Neighbor, std::less<int>, std::allocator<std::pair<int const, Neighbor> > >::insert<std::pair<int, Neighbor>, void>(std::pair<int, Neighbor>&&) (stl_map.h:603)
==19254==    by 0x4205D8: btte_peer_selection::ClusterBased::AssignNeighbors(std::map<int, Neighbor, std::less<int>, std::allocator<std::pair<int const, Neighbor> > >&, unsigned long, int) (CB_peer_selection.cpp:53)
==19254==    by 0x4206DD: btte_peer_selection::ClusterBased::StartSelection(int, std::set<int, std::less<int>, std::allocator<int> > const&) (CB_peer_selection.cpp:86)
==19254==    by 0x41B324: PeerManager::AllotNeighbors(int) const (peer_manager.cpp:352)
==19254==    by 0x40B29B: EventHandler::PeerListReqRecvEvent(Event&) (event_handler.cpp:509)
==19254==    by 0x41198E: void std::_Mem_fn<void (EventHandler::*)(Event&)>::operator()<Event&, void>(EventHandler&, Event&) const (in /home/jm1592/BTTE/bin/BTTE)
==19254==    by 0x40F271: std::_Function_handler<void (EventHandler&, Event&), void (EventHandler::*)(Event&)>::_M_invoke(std::_Any_data const&, EventHandler&, Event&) (functional:2158)
==19254==    by 0x40CC56: std::function<void (EventHandler&, Event&)>::operator()(EventHandler&, Event&) const (functional:2471)
==19254==    by 0x40AE6C: EventHandler::ProcessArrival(Event&) (event_handler.cpp:430)
==19254==    by 0x40B641: EventHandler::ProcessEvent(Event&) (event_handler.cpp:620)
==19254==  Uninitialised value was created by a heap allocation
==19254==    at 0x4C2968A: operator new[](unsigned long) (vg_replace_malloc.c:389)
==19254==    by 0x4172A4: btte_peer_selection::IPeerSelect::SetCandidates(std::set<int, std::less<int>, std::allocator<int> > const&, bool) (peer_selection.cpp:63)
==19254==    by 0x4206A5: btte_peer_selection::ClusterBased::StartSelection(int, std::set<int, std::less<int>, std::allocator<int> > const&) (CB_peer_selection.cpp:83)
==19254==    by 0x41B324: PeerManager::AllotNeighbors(int) const (peer_manager.cpp:352)
==19254==    by 0x40B29B: EventHandler::PeerListReqRecvEvent(Event&) (event_handler.cpp:509)
==19254==    by 0x41198E: void std::_Mem_fn<void (EventHandler::*)(Event&)>::operator()<Event&, void>(EventHandler&, Event&) const (in /home/jm1592/BTTE/bin/BTTE)
==19254==    by 0x40F271: std::_Function_handler<void (EventHandler&, Event&), void (EventHandler::*)(Event&)>::_M_invoke(std::_Any_data const&, EventHandler&, Event&) (functional:2158)
==19254==    by 0x40CC56: std::function<void (EventHandler&, Event&)>::operator()(EventHandler&, Event&) const (functional:2471)
==19254==    by 0x40AE6C: EventHandler::ProcessArrival(Event&) (event_handler.cpp:430)
==19254==    by 0x40B641: EventHandler::ProcessEvent(Event&) (event_handler.cpp:620)
==19254==    by 0x40B6DB: EventHandler::StartRoutine() (event_handler.cpp:639)
==19254==    by 0x41817F: main (btte.cpp:81)
==19254== 
==19254== Conditional jump or move depends on uninitialised value(s)
==19254==    at 0x414C33: std::_Rb_tree<int, std::pair<int const, Neighbor>, std::_Select1st<std::pair<int const, Neighbor> >, std::less<int>, std::allocator<std::pair<int const, Neighbor> > >::_M_get_insert_unique_pos(int const&) (stl_tree.h:1328)
==19254==    by 0x414A9D: std::pair<std::_Rb_tree_iterator<std::pair<int const, Neighbor> >, bool> std::_Rb_tree<int, std::pair<int const, Neighbor>, std::_Select1st<std::pair<int const, Neighbor> >, std::less<int>, std::allocator<std::pair<int const, Neighbor> > >::_M_insert_unique<std::pair<int, Neighbor> >(std::pair<int, Neighbor>&&) (stl_tree.h:1377)
==19254==    by 0x414A07: std::pair<std::_Rb_tree_iterator<std::pair<int const, Neighbor> >, bool> std::map<int, Neighbor, std::less<int>, std::allocator<std::pair<int const, Neighbor> > >::insert<std::pair<int, Neighbor>, void>(std::pair<int, Neighbor>&&) (stl_map.h:603)
==19254==    by 0x4205D8: btte_peer_selection::ClusterBased::AssignNeighbors(std::map<int, Neighbor, std::less<int>, std::allocator<std::pair<int const, Neighbor> > >&, unsigned long, int) (CB_peer_selection.cpp:53)
==19254==    by 0x4206DD: btte_peer_selection::ClusterBased::StartSelection(int, std::set<int, std::less<int>, std::allocator<int> > const&) (CB_peer_selection.cpp:86)
==19254==    by 0x41B324: PeerManager::AllotNeighbors(int) const (peer_manager.cpp:352)
==19254==    by 0x40B29B: EventHandler::PeerListReqRecvEvent(Event&) (event_handler.cpp:509)
==19254==    by 0x41198E: void std::_Mem_fn<void (EventHandler::*)(Event&)>::operator()<Event&, void>(EventHandler&, Event&) const (in /home/jm1592/BTTE/bin/BTTE)
==19254==    by 0x40F271: std::_Function_handler<void (EventHandler&, Event&), void (EventHandler::*)(Event&)>::_M_invoke(std::_Any_data const&, EventHandler&, Event&) (functional:2158)
==19254==    by 0x40CC56: std::function<void (EventHandler&, Event&)>::operator()(EventHandler&, Event&) const (functional:2471)
==19254==    by 0x40AE6C: EventHandler::ProcessArrival(Event&) (event_handler.cpp:430)
==19254==    by 0x40B641: EventHandler::ProcessEvent(Event&) (event_handler.cpp:620)
==19254==  Uninitialised value was created by a heap allocation
==19254==    at 0x4C2968A: operator new[](unsigned long) (vg_replace_malloc.c:389)
==19254==    by 0x4172A4: btte_peer_selection::IPeerSelect::SetCandidates(std::set<int, std::less<int>, std::allocator<int> > const&, bool) (peer_selection.cpp:63)
==19254==    by 0x4206A5: btte_peer_selection::ClusterBased::StartSelection(int, std::set<int, std::less<int>, std::allocator<int> > const&) (CB_peer_selection.cpp:83)
==19254==    by 0x41B324: PeerManager::AllotNeighbors(int) const (peer_manager.cpp:352)
==19254==    by 0x40B29B: EventHandler::PeerListReqRecvEvent(Event&) (event_handler.cpp:509)
==19254==    by 0x41198E: void std::_Mem_fn<void (EventHandler::*)(Event&)>::operator()<Event&, void>(EventHandler&, Event&) const (in /home/jm1592/BTTE/bin/BTTE)
==19254==    by 0x40F271: std::_Function_handler<void (EventHandler&, Event&), void (EventHandler::*)(Event&)>::_M_invoke(std::_Any_data const&, EventHandler&, Event&) (functional:2158)
==19254==    by 0x40CC56: std::function<void (EventHandler&, Event&)>::operator()(EventHandler&, Event&) const (functional:2471)
==19254==    by 0x40AE6C: EventHandler::ProcessArrival(Event&) (event_handler.cpp:430)
==19254==    by 0x40B641: EventHandler::ProcessEvent(Event&) (event_handler.cpp:620)
==19254==    by 0x40B6DB: EventHandler::StartRoutine() (event_handler.cpp:639)
==19254==    by 0x41817F: main (btte.cpp:81)
==19254== 
==19254== Conditional jump or move depends on uninitialised value(s)
==19254==    at 0x414D83: std::_Rb_tree_iterator<std::pair<int const, Neighbor> > std::_Rb_tree<int, std::pair<int const, Neighbor>, std::_Select1st<std::pair<int const, Neighbor> >, std::less<int>, std::allocator<std::pair<int const, Neighbor> > >::_M_insert_<std::pair<int, Neighbor> >(std::_Rb_tree_node_base*, std::_Rb_tree_node_base*, std::pair<int, Neighbor>&&) (stl_tree.h:1021)
==19254==    by 0x414ADB: std::pair<std::_Rb_tree_iterator<std::pair<int const, Neighbor> >, bool> std::_Rb_tree<int, std::pair<int const, Neighbor>, std::_Select1st<std::pair<int const, Neighbor> >, std::less<int>, std::allocator<std::pair<int const, Neighbor> > >::_M_insert_unique<std::pair<int, Neighbor> >(std::pair<int, Neighbor>&&) (stl_tree.h:1382)
==19254==    by 0x414A07: std::pair<std::_Rb_tree_iterator<std::pair<int const, Neighbor> >, bool> std::map<int, Neighbor, std::less<int>, std::allocator<std::pair<int const, Neighbor> > >::insert<std::pair<int, Neighbor>, void>(std::pair<int, Neighbor>&&) (stl_map.h:603)
==19254==    by 0x4205D8: btte_peer_selection::ClusterBased::AssignNeighbors(std::map<int, Neighbor, std::less<int>, std::allocator<std::pair<int const, Neighbor> > >&, unsigned long, int) (CB_peer_selection.cpp:53)
==19254==    by 0x4206DD: btte_peer_selection::ClusterBased::StartSelection(int, std::set<int, std::less<int>, std::allocator<int> > const&) (CB_peer_selection.cpp:86)
==19254==    by 0x41B324: PeerManager::AllotNeighbors(int) const (peer_manager.cpp:352)
==19254==    by 0x40B29B: EventHandler::PeerListReqRecvEvent(Event&) (event_handler.cpp:509)
==19254==    by 0x41198E: void std::_Mem_fn<void (EventHandler::*)(Event&)>::operator()<Event&, void>(EventHandler&, Event&) const (in /home/jm1592/BTTE/bin/BTTE)
==19254==    by 0x40F271: std::_Function_handler<void (EventHandler&, Event&), void (EventHandler::*)(Event&)>::_M_invoke(std::_Any_data const&, EventHandler&, Event&) (functional:2158)
==19254==    by 0x40CC56: std::function<void (EventHandler&, Event&)>::operator()(EventHandler&, Event&) const (functional:2471)
==19254==    by 0x40AE6C: EventHandler::ProcessArrival(Event&) (event_handler.cpp:430)
==19254==    by 0x40B641: EventHandler::ProcessEvent(Event&) (event_handler.cpp:620)
==19254==  Uninitialised value was created by a heap allocation
==19254==    at 0x4C2968A: operator new[](unsigned long) (vg_replace_malloc.c:389)
==19254==    by 0x4172A4: btte_peer_selection::IPeerSelect::SetCandidates(std::set<int, std::less<int>, std::allocator<int> > const&, bool) (peer_selection.cpp:63)
==19254==    by 0x4206A5: btte_peer_selection::ClusterBased::StartSelection(int, std::set<int, std::less<int>, std::allocator<int> > const&) (CB_peer_selection.cpp:83)
==19254==    by 0x41B324: PeerManager::AllotNeighbors(int) const (peer_manager.cpp:352)
==19254==    by 0x40B29B: EventHandler::PeerListReqRecvEvent(Event&) (event_handler.cpp:509)
==19254==    by 0x41198E: void std::_Mem_fn<void (EventHandler::*)(Event&)>::operator()<Event&, void>(EventHandler&, Event&) const (in /home/jm1592/BTTE/bin/BTTE)
==19254==    by 0x40F271: std::_Function_handler<void (EventHandler&, Event&), void (EventHandler::*)(Event&)>::_M_invoke(std::_Any_data const&, EventHandler&, Event&) (functional:2158)
==19254==    by 0x40CC56: std::function<void (EventHandler&, Event&)>::operator()(EventHandler&, Event&) const (functional:2471)
==19254==    by 0x40AE6C: EventHandler::ProcessArrival(Event&) (event_handler.cpp:430)
==19254==    by 0x40B641: EventHandler::ProcessEvent(Event&) (event_handler.cpp:620)
==19254==    by 0x40B6DB: EventHandler::StartRoutine() (event_handler.cpp:639)
==19254==    by 0x41817F: main (btte.cpp:81)
==19254== 
==19254== Conditional jump or move depends on uninitialised value(s)
==19254==    at 0x404CB7: std::vector<Peer, std::allocator<Peer> >::_M_range_check(unsigned long) const (stl_vector.h:793)
==19254==    by 0x404764: std::vector<Peer, std::allocator<Peer> >::at(unsigned long) (stl_vector.h:812)
==19254==    by 0x4205EA: btte_peer_selection::ClusterBased::AssignNeighbors(std::map<int, Neighbor, std::less<int>, std::allocator<std::pair<int const, Neighbor> > >&, unsigned long, int) (CB_peer_selection.cpp:60)
==19254==    by 0x4206DD: btte_peer_selection::ClusterBased::StartSelection(int, std::set<int, std::less<int>, std::allocator<int> > const&) (CB_peer_selection.cpp:86)
==19254==    by 0x41B324: PeerManager::AllotNeighbors(int) const (peer_manager.cpp:352)
==19254==    by 0x40B29B: EventHandler::PeerListReqRecvEvent(Event&) (event_handler.cpp:509)
==19254==    by 0x41198E: void std::_Mem_fn<void (EventHandler::*)(Event&)>::operator()<Event&, void>(EventHandler&, Event&) const (in /home/jm1592/BTTE/bin/BTTE)
==19254==    by 0x40F271: std::_Function_handler<void (EventHandler&, Event&), void (EventHandler::*)(Event&)>::_M_invoke(std::_Any_data const&, EventHandler&, Event&) (functional:2158)
==19254==    by 0x40CC56: std::function<void (EventHandler&, Event&)>::operator()(EventHandler&, Event&) const (functional:2471)
==19254==    by 0x40AE6C: EventHandler::ProcessArrival(Event&) (event_handler.cpp:430)
==19254==    by 0x40B641: EventHandler::ProcessEvent(Event&) (event_handler.cpp:620)
==19254==    by 0x40B6DB: EventHandler::StartRoutine() (event_handler.cpp:639)
==19254==  Uninitialised value was created by a heap allocation
==19254==    at 0x4C2968A: operator new[](unsigned long) (vg_replace_malloc.c:389)
==19254==    by 0x4172A4: btte_peer_selection::IPeerSelect::SetCandidates(std::set<int, std::less<int>, std::allocator<int> > const&, bool) (peer_selection.cpp:63)
==19254==    by 0x4206A5: btte_peer_selection::ClusterBased::StartSelection(int, std::set<int, std::less<int>, std::allocator<int> > const&) (CB_peer_selection.cpp:83)
==19254==    by 0x41B324: PeerManager::AllotNeighbors(int) const (peer_manager.cpp:352)
==19254==    by 0x40B29B: EventHandler::PeerListReqRecvEvent(Event&) (event_handler.cpp:509)
==19254==    by 0x41198E: void std::_Mem_fn<void (EventHandler::*)(Event&)>::operator()<Event&, void>(EventHandler&, Event&) const (in /home/jm1592/BTTE/bin/BTTE)
==19254==    by 0x40F271: std::_Function_handler<void (EventHandler&, Event&), void (EventHandler::*)(Event&)>::_M_invoke(std::_Any_data const&, EventHandler&, Event&) (functional:2158)
==19254==    by 0x40CC56: std::function<void (EventHandler&, Event&)>::operator()(EventHandler&, Event&) const (functional:2471)
==19254==    by 0x40AE6C: EventHandler::ProcessArrival(Event&) (event_handler.cpp:430)
==19254==    by 0x40B641: EventHandler::ProcessEvent(Event&) (event_handler.cpp:620)
==19254==    by 0x40B6DB: EventHandler::StartRoutine() (event_handler.cpp:639)
==19254==    by 0x41817F: main (btte.cpp:81)
==19254== 
==19254== Use of uninitialised value of size 8
==19254==    at 0x406A8B: Peer::incr_neighbor_counts(int) (peer.cpp:52)
==19254==    by 0x4205F7: btte_peer_selection::ClusterBased::AssignNeighbors(std::map<int, Neighbor, std::less<int>, std::allocator<std::pair<int const, Neighbor> > >&, unsigned long, int) (CB_peer_selection.cpp:60)
==19254==    by 0x4206DD: btte_peer_selection::ClusterBased::StartSelection(int, std::set<int, std::less<int>, std::allocator<int> > const&) (CB_peer_selection.cpp:86)
==19254==    by 0x41B324: PeerManager::AllotNeighbors(int) const (peer_manager.cpp:352)
==19254==    by 0x40B29B: EventHandler::PeerListReqRecvEvent(Event&) (event_handler.cpp:509)
==19254==    by 0x41198E: void std::_Mem_fn<void (EventHandler::*)(Event&)>::operator()<Event&, void>(EventHandler&, Event&) const (in /home/jm1592/BTTE/bin/BTTE)
==19254==    by 0x40F271: std::_Function_handler<void (EventHandler&, Event&), void (EventHandler::*)(Event&)>::_M_invoke(std::_Any_data const&, EventHandler&, Event&) (functional:2158)
==19254==    by 0x40CC56: std::function<void (EventHandler&, Event&)>::operator()(EventHandler&, Event&) const (functional:2471)
==19254==    by 0x40AE6C: EventHandler::ProcessArrival(Event&) (event_handler.cpp:430)
==19254==    by 0x40B641: EventHandler::ProcessEvent(Event&) (event_handler.cpp:620)
==19254==    by 0x40B6DB: EventHandler::StartRoutine() (event_handler.cpp:639)
==19254==    by 0x41817F: main (btte.cpp:81)
==19254==  Uninitialised value was created by a heap allocation
==19254==    at 0x4C2968A: operator new[](unsigned long) (vg_replace_malloc.c:389)
==19254==    by 0x4172A4: btte_peer_selection::IPeerSelect::SetCandidates(std::set<int, std::less<int>, std::allocator<int> > const&, bool) (peer_selection.cpp:63)
==19254==    by 0x4206A5: btte_peer_selection::ClusterBased::StartSelection(int, std::set<int, std::less<int>, std::allocator<int> > const&) (CB_peer_selection.cpp:83)
==19254==    by 0x41B324: PeerManager::AllotNeighbors(int) const (peer_manager.cpp:352)
==19254==    by 0x40B29B: EventHandler::PeerListReqRecvEvent(Event&) (event_handler.cpp:509)
==19254==    by 0x41198E: void std::_Mem_fn<void (EventHandler::*)(Event&)>::operator()<Event&, void>(EventHandler&, Event&) const (in /home/jm1592/BTTE/bin/BTTE)
==19254==    by 0x40F271: std::_Function_handler<void (EventHandler&, Event&), void (EventHandler::*)(Event&)>::_M_invoke(std::_Any_data const&, EventHandler&, Event&) (functional:2158)
==19254==    by 0x40CC56: std::function<void (EventHandler&, Event&)>::operator()(EventHandler&, Event&) const (functional:2471)
==19254==    by 0x40AE6C: EventHandler::ProcessArrival(Event&) (event_handler.cpp:430)
==19254==    by 0x40B641: EventHandler::ProcessEvent(Event&) (event_handler.cpp:620)
==19254==    by 0x40B6DB: EventHandler::StartRoutine() (event_handler.cpp:639)
==19254==    by 0x41817F: main (btte.cpp:81)
==19254== 
==19254== Use of uninitialised value of size 8
==19254==    at 0x406A97: Peer::incr_neighbor_counts(int) (peer.cpp:52)
==19254==    by 0x4205F7: btte_peer_selection::ClusterBased::AssignNeighbors(std::map<int, Neighbor, std::less<int>, std::allocator<std::pair<int const, Neighbor> > >&, unsigned long, int) (CB_peer_selection.cpp:60)
==19254==    by 0x4206DD: btte_peer_selection::ClusterBased::StartSelection(int, std::set<int, std::less<int>, std::allocator<int> > const&) (CB_peer_selection.cpp:86)
==19254==    by 0x41B324: PeerManager::AllotNeighbors(int) const (peer_manager.cpp:352)
==19254==    by 0x40B29B: EventHandler::PeerListReqRecvEvent(Event&) (event_handler.cpp:509)
==19254==    by 0x41198E: void std::_Mem_fn<void (EventHandler::*)(Event&)>::operator()<Event&, void>(EventHandler&, Event&) const (in /home/jm1592/BTTE/bin/BTTE)
==19254==    by 0x40F271: std::_Function_handler<void (EventHandler&, Event&), void (EventHandler::*)(Event&)>::_M_invoke(std::_Any_data const&, EventHandler&, Event&) (functional:2158)
==19254==    by 0x40CC56: std::function<void (EventHandler&, Event&)>::operator()(EventHandler&, Event&) const (functional:2471)
==19254==    by 0x40AE6C: EventHandler::ProcessArrival(Event&) (event_handler.cpp:430)
==19254==    by 0x40B641: EventHandler::ProcessEvent(Event&) (event_handler.cpp:620)
==19254==    by 0x40B6DB: EventHandler::StartRoutine() (event_handler.cpp:639)
==19254==    by 0x41817F: main (btte.cpp:81)
==19254==  Uninitialised value was created by a heap allocation
==19254==    at 0x4C2968A: operator new[](unsigned long) (vg_replace_malloc.c:389)
==19254==    by 0x4172A4: btte_peer_selection::IPeerSelect::SetCandidates(std::set<int, std::less<int>, std::allocator<int> > const&, bool) (peer_selection.cpp:63)
==19254==    by 0x4206A5: btte_peer_selection::ClusterBased::StartSelection(int, std::set<int, std::less<int>, std::allocator<int> > const&) (CB_peer_selection.cpp:83)
==19254==    by 0x41B324: PeerManager::AllotNeighbors(int) const (peer_manager.cpp:352)
==19254==    by 0x40B29B: EventHandler::PeerListReqRecvEvent(Event&) (event_handler.cpp:509)
==19254==    by 0x41198E: void std::_Mem_fn<void (EventHandler::*)(Event&)>::operator()<Event&, void>(EventHandler&, Event&) const (in /home/jm1592/BTTE/bin/BTTE)
==19254==    by 0x40F271: std::_Function_handler<void (EventHandler&, Event&), void (EventHandler::*)(Event&)>::_M_invoke(std::_Any_data const&, EventHandler&, Event&) (functional:2158)
==19254==    by 0x40CC56: std::function<void (EventHandler&, Event&)>::operator()(EventHandler&, Event&) const (functional:2471)
==19254==    by 0x40AE6C: EventHandler::ProcessArrival(Event&) (event_handler.cpp:430)
==19254==    by 0x40B641: EventHandler::ProcessEvent(Event&) (event_handler.cpp:620)
==19254==    by 0x40B6DB: EventHandler::StartRoutine() (event_handler.cpp:639)
==19254==    by 0x41817F: main (btte.cpp:81)
==19254== 
==19254== Conditional jump or move depends on uninitialised value(s)
==19254==    at 0x414CAD: std::_Rb_tree<int, std::pair<int const, Neighbor>, std::_Select1st<std::pair<int const, Neighbor> >, std::less<int>, std::allocator<std::pair<int const, Neighbor> > >::_M_get_insert_unique_pos(int const&) (stl_tree.h:1335)
==19254==    by 0x414A9D: std::pair<std::_Rb_tree_iterator<std::pair<int const, Neighbor> >, bool> std::_Rb_tree<int, std::pair<int const, Neighbor>, std::_Select1st<std::pair<int const, Neighbor> >, std::less<int>, std::allocator<std::pair<int const, Neighbor> > >::_M_insert_unique<std::pair<int, Neighbor> >(std::pair<int, Neighbor>&&) (stl_tree.h:1377)
==19254==    by 0x414A07: std::pair<std::_Rb_tree_iterator<std::pair<int const, Neighbor> >, bool> std::map<int, Neighbor, std::less<int>, std::allocator<std::pair<int const, Neighbor> > >::insert<std::pair<int, Neighbor>, void>(std::pair<int, Neighbor>&&) (stl_map.h:603)
==19254==    by 0x4205D8: btte_peer_selection::ClusterBased::AssignNeighbors(std::map<int, Neighbor, std::less<int>, std::allocator<std::pair<int const, Neighbor> > >&, unsigned long, int) (CB_peer_selection.cpp:53)
==19254==    by 0x4206DD: btte_peer_selection::ClusterBased::StartSelection(int, std::set<int, std::less<int>, std::allocator<int> > const&) (CB_peer_selection.cpp:86)
==19254==    by 0x41B324: PeerManager::AllotNeighbors(int) const (peer_manager.cpp:352)
==19254==    by 0x40B29B: EventHandler::PeerListReqRecvEvent(Event&) (event_handler.cpp:509)
==19254==    by 0x41198E: void std::_Mem_fn<void (EventHandler::*)(Event&)>::operator()<Event&, void>(EventHandler&, Event&) const (in /home/jm1592/BTTE/bin/BTTE)
==19254==    by 0x40F271: std::_Function_handler<void (EventHandler&, Event&), void (EventHandler::*)(Event&)>::_M_invoke(std::_Any_data const&, EventHandler&, Event&) (functional:2158)
==19254==    by 0x40CC56: std::function<void (EventHandler&, Event&)>::operator()(EventHandler&, Event&) const (functional:2471)
==19254==    by 0x40AE6C: EventHandler::ProcessArrival(Event&) (event_handler.cpp:430)
==19254==    by 0x40B641: EventHandler::ProcessEvent(Event&) (event_handler.cpp:620)
==19254==  Uninitialised value was created by a heap allocation
==19254==    at 0x4C2968A: operator new[](unsigned long) (vg_replace_malloc.c:389)
==19254==    by 0x4172A4: btte_peer_selection::IPeerSelect::SetCandidates(std::set<int, std::less<int>, std::allocator<int> > const&, bool) (peer_selection.cpp:63)
==19254==    by 0x4206A5: btte_peer_selection::ClusterBased::StartSelection(int, std::set<int, std::less<int>, std::allocator<int> > const&) (CB_peer_selection.cpp:83)
==19254==    by 0x41B324: PeerManager::AllotNeighbors(int) const (peer_manager.cpp:352)
==19254==    by 0x40B29B: EventHandler::PeerListReqRecvEvent(Event&) (event_handler.cpp:509)
==19254==    by 0x41198E: void std::_Mem_fn<void (EventHandler::*)(Event&)>::operator()<Event&, void>(EventHandler&, Event&) const (in /home/jm1592/BTTE/bin/BTTE)
==19254==    by 0x40F271: std::_Function_handler<void (EventHandler&, Event&), void (EventHandler::*)(Event&)>::_M_invoke(std::_Any_data const&, EventHandler&, Event&) (functional:2158)
==19254==    by 0x40CC56: std::function<void (EventHandler&, Event&)>::operator()(EventHandler&, Event&) const (functional:2471)
==19254==    by 0x40AE6C: EventHandler::ProcessArrival(Event&) (event_handler.cpp:430)
==19254==    by 0x40B641: EventHandler::ProcessEvent(Event&) (event_handler.cpp:620)
==19254==    by 0x40B6DB: EventHandler::StartRoutine() (event_handler.cpp:639)
==19254==    by 0x41817F: main (btte.cpp:81)
==19254== 
==19254== Conditional jump or move depends on uninitialised value(s)
==19254==    at 0x404CB7: std::vector<Peer, std::allocator<Peer> >::_M_range_check(unsigned long) const (stl_vector.h:793)
==19254==    by 0x404764: std::vector<Peer, std::allocator<Peer> >::at(unsigned long) (stl_vector.h:812)
==19254==    by 0x41777C: btte_peer_selection::IPeerSelect::DebugInfo(std::map<int, Neighbor, std::less<int>, std::allocator<std::pair<int const, Neighbor> > > const&, int) const (peer_selection.cpp:121)
==19254==    by 0x4206F3: btte_peer_selection::ClusterBased::StartSelection(int, std::set<int, std::less<int>, std::allocator<int> > const&) (CB_peer_selection.cpp:88)
==19254==    by 0x41B324: PeerManager::AllotNeighbors(int) const (peer_manager.cpp:352)
==19254==    by 0x40B29B: EventHandler::PeerListReqRecvEvent(Event&) (event_handler.cpp:509)
==19254==    by 0x41198E: void std::_Mem_fn<void (EventHandler::*)(Event&)>::operator()<Event&, void>(EventHandler&, Event&) const (in /home/jm1592/BTTE/bin/BTTE)
==19254==    by 0x40F271: std::_Function_handler<void (EventHandler&, Event&), void (EventHandler::*)(Event&)>::_M_invoke(std::_Any_data const&, EventHandler&, Event&) (functional:2158)
==19254==    by 0x40CC56: std::function<void (EventHandler&, Event&)>::operator()(EventHandler&, Event&) const (functional:2471)
==19254==    by 0x40AE6C: EventHandler::ProcessArrival(Event&) (event_handler.cpp:430)
==19254==    by 0x40B641: EventHandler::ProcessEvent(Event&) (event_handler.cpp:620)
==19254==    by 0x40B6DB: EventHandler::StartRoutine() (event_handler.cpp:639)
==19254==  Uninitialised value was created by a heap allocation
==19254==    at 0x4C2968A: operator new[](unsigned long) (vg_replace_malloc.c:389)
==19254==    by 0x4172A4: btte_peer_selection::IPeerSelect::SetCandidates(std::set<int, std::less<int>, std::allocator<int> > const&, bool) (peer_selection.cpp:63)
==19254==    by 0x4206A5: btte_peer_selection::ClusterBased::StartSelection(int, std::set<int, std::less<int>, std::allocator<int> > const&) (CB_peer_selection.cpp:83)
==19254==    by 0x41B324: PeerManager::AllotNeighbors(int) const (peer_manager.cpp:352)
==19254==    by 0x40B29B: EventHandler::PeerListReqRecvEvent(Event&) (event_handler.cpp:509)
==19254==    by 0x41198E: void std::_Mem_fn<void (EventHandler::*)(Event&)>::operator()<Event&, void>(EventHandler&, Event&) const (in /home/jm1592/BTTE/bin/BTTE)
==19254==    by 0x40F271: std::_Function_handler<void (EventHandler&, Event&), void (EventHandler::*)(Event&)>::_M_invoke(std::_Any_data const&, EventHandler&, Event&) (functional:2158)
==19254==    by 0x40CC56: std::function<void (EventHandler&, Event&)>::operator()(EventHandler&, Event&) const (functional:2471)
==19254==    by 0x40AE6C: EventHandler::ProcessArrival(Event&) (event_handler.cpp:430)
==19254==    by 0x40B641: EventHandler::ProcessEvent(Event&) (event_handler.cpp:620)
==19254==    by 0x40B6DB: EventHandler::StartRoutine() (event_handler.cpp:639)
==19254==    by 0x41817F: main (btte.cpp:81)
==19254== 
==19254== Use of uninitialised value of size 8
==19254==    at 0x406D02: Peer::get_neighbor_counts() const (peer.cpp:85)
==19254==    by 0x417784: btte_peer_selection::IPeerSelect::DebugInfo(std::map<int, Neighbor, std::less<int>, std::allocator<std::pair<int const, Neighbor> > > const&, int) const (peer_selection.cpp:121)
==19254==    by 0x4206F3: btte_peer_selection::ClusterBased::StartSelection(int, std::set<int, std::less<int>, std::allocator<int> > const&) (CB_peer_selection.cpp:88)
==19254==    by 0x41B324: PeerManager::AllotNeighbors(int) const (peer_manager.cpp:352)
==19254==    by 0x40B29B: EventHandler::PeerListReqRecvEvent(Event&) (event_handler.cpp:509)
==19254==    by 0x41198E: void std::_Mem_fn<void (EventHandler::*)(Event&)>::operator()<Event&, void>(EventHandler&, Event&) const (in /home/jm1592/BTTE/bin/BTTE)
==19254==    by 0x40F271: std::_Function_handler<void (EventHandler&, Event&), void (EventHandler::*)(Event&)>::_M_invoke(std::_Any_data const&, EventHandler&, Event&) (functional:2158)
==19254==    by 0x40CC56: std::function<void (EventHandler&, Event&)>::operator()(EventHandler&, Event&) const (functional:2471)
==19254==    by 0x40AE6C: EventHandler::ProcessArrival(Event&) (event_handler.cpp:430)
==19254==    by 0x40B641: EventHandler::ProcessEvent(Event&) (event_handler.cpp:620)
==19254==    by 0x40B6DB: EventHandler::StartRoutine() (event_handler.cpp:639)
==19254==    by 0x41817F: main (btte.cpp:81)
==19254==  Uninitialised value was created by a heap allocation
==19254==    at 0x4C2968A: operator new[](unsigned long) (vg_replace_malloc.c:389)
==19254==    by 0x4172A4: btte_peer_selection::IPeerSelect::SetCandidates(std::set<int, std::less<int>, std::allocator<int> > const&, bool) (peer_selection.cpp:63)
==19254==    by 0x4206A5: btte_peer_selection::ClusterBased::StartSelection(int, std::set<int, std::less<int>, std::allocator<int> > const&) (CB_peer_selection.cpp:83)
==19254==    by 0x41B324: PeerManager::AllotNeighbors(int) const (peer_manager.cpp:352)
==19254==    by 0x40B29B: EventHandler::PeerListReqRecvEvent(Event&) (event_handler.cpp:509)
==19254==    by 0x41198E: void std::_Mem_fn<void (EventHandler::*)(Event&)>::operator()<Event&, void>(EventHandler&, Event&) const (in /home/jm1592/BTTE/bin/BTTE)
==19254==    by 0x40F271: std::_Function_handler<void (EventHandler&, Event&), void (EventHandler::*)(Event&)>::_M_invoke(std::_Any_data const&, EventHandler&, Event&) (functional:2158)
==19254==    by 0x40CC56: std::function<void (EventHandler&, Event&)>::operator()(EventHandler&, Event&) const (functional:2471)
==19254==    by 0x40AE6C: EventHandler::ProcessArrival(Event&) (event_handler.cpp:430)
==19254==    by 0x40B641: EventHandler::ProcessEvent(Event&) (event_handler.cpp:620)
==19254==    by 0x40B6DB: EventHandler::StartRoutine() (event_handler.cpp:639)
==19254==    by 0x41817F: main (btte.cpp:81)
==19254== 
==19254== Conditional jump or move depends on uninitialised value(s)
==19254==    at 0x404CB7: std::vector<Peer, std::allocator<Peer> >::_M_range_check(unsigned long) const (stl_vector.h:793)
==19254==    by 0x404764: std::vector<Peer, std::allocator<Peer> >::at(unsigned long) (stl_vector.h:812)
==19254==    by 0x41779C: btte_peer_selection::IPeerSelect::DebugInfo(std::map<int, Neighbor, std::less<int>, std::allocator<std::pair<int const, Neighbor> > > const&, int) const (peer_selection.cpp:120)
==19254==    by 0x4206F3: btte_peer_selection::ClusterBased::StartSelection(int, std::set<int, std::less<int>, std::allocator<int> > const&) (CB_peer_selection.cpp:88)
==19254==    by 0x41B324: PeerManager::AllotNeighbors(int) const (peer_manager.cpp:352)
==19254==    by 0x40B29B: EventHandler::PeerListReqRecvEvent(Event&) (event_handler.cpp:509)
==19254==    by 0x41198E: void std::_Mem_fn<void (EventHandler::*)(Event&)>::operator()<Event&, void>(EventHandler&, Event&) const (in /home/jm1592/BTTE/bin/BTTE)
==19254==    by 0x40F271: std::_Function_handler<void (EventHandler&, Event&), void (EventHandler::*)(Event&)>::_M_invoke(std::_Any_data const&, EventHandler&, Event&) (functional:2158)
==19254==    by 0x40CC56: std::function<void (EventHandler&, Event&)>::operator()(EventHandler&, Event&) const (functional:2471)
==19254==    by 0x40AE6C: EventHandler::ProcessArrival(Event&) (event_handler.cpp:430)
==19254==    by 0x40B641: EventHandler::ProcessEvent(Event&) (event_handler.cpp:620)
==19254==    by 0x40B6DB: EventHandler::StartRoutine() (event_handler.cpp:639)
==19254==  Uninitialised value was created by a heap allocation
==19254==    at 0x4C2968A: operator new[](unsigned long) (vg_replace_malloc.c:389)
==19254==    by 0x4172A4: btte_peer_selection::IPeerSelect::SetCandidates(std::set<int, std::less<int>, std::allocator<int> > const&, bool) (peer_selection.cpp:63)
==19254==    by 0x4206A5: btte_peer_selection::ClusterBased::StartSelection(int, std::set<int, std::less<int>, std::allocator<int> > const&) (CB_peer_selection.cpp:83)
==19254==    by 0x41B324: PeerManager::AllotNeighbors(int) const (peer_manager.cpp:352)
==19254==    by 0x40B29B: EventHandler::PeerListReqRecvEvent(Event&) (event_handler.cpp:509)
==19254==    by 0x41198E: void std::_Mem_fn<void (EventHandler::*)(Event&)>::operator()<Event&, void>(EventHandler&, Event&) const (in /home/jm1592/BTTE/bin/BTTE)
==19254==    by 0x40F271: std::_Function_handler<void (EventHandler&, Event&), void (EventHandler::*)(Event&)>::_M_invoke(std::_Any_data const&, EventHandler&, Event&) (functional:2158)
==19254==    by 0x40CC56: std::function<void (EventHandler&, Event&)>::operator()(EventHandler&, Event&) const (functional:2471)
==19254==    by 0x40AE6C: EventHandler::ProcessArrival(Event&) (event_handler.cpp:430)
==19254==    by 0x40B641: EventHandler::ProcessEvent(Event&) (event_handler.cpp:620)
==19254==    by 0x40B6DB: EventHandler::StartRoutine() (event_handler.cpp:639)
==19254==    by 0x41817F: main (btte.cpp:81)
==19254== 
==19254== Use of uninitialised value of size 8
==19254==    at 0x406CF0: Peer::get_cid() const (peer.cpp:84)
==19254==    by 0x4177A4: btte_peer_selection::IPeerSelect::DebugInfo(std::map<int, Neighbor, std::less<int>, std::allocator<std::pair<int const, Neighbor> > > const&, int) const (peer_selection.cpp:120)
==19254==    by 0x4206F3: btte_peer_selection::ClusterBased::StartSelection(int, std::set<int, std::less<int>, std::allocator<int> > const&) (CB_peer_selection.cpp:88)
==19254==    by 0x41B324: PeerManager::AllotNeighbors(int) const (peer_manager.cpp:352)
==19254==    by 0x40B29B: EventHandler::PeerListReqRecvEvent(Event&) (event_handler.cpp:509)
==19254==    by 0x41198E: void std::_Mem_fn<void (EventHandler::*)(Event&)>::operator()<Event&, void>(EventHandler&, Event&) const (in /home/jm1592/BTTE/bin/BTTE)
==19254==    by 0x40F271: std::_Function_handler<void (EventHandler&, Event&), void (EventHandler::*)(Event&)>::_M_invoke(std::_Any_data const&, EventHandler&, Event&) (functional:2158)
==19254==    by 0x40CC56: std::function<void (EventHandler&, Event&)>::operator()(EventHandler&, Event&) const (functional:2471)
==19254==    by 0x40AE6C: EventHandler::ProcessArrival(Event&) (event_handler.cpp:430)
==19254==    by 0x40B641: EventHandler::ProcessEvent(Event&) (event_handler.cpp:620)
==19254==    by 0x40B6DB: EventHandler::StartRoutine() (event_handler.cpp:639)
==19254==    by 0x41817F: main (btte.cpp:81)
==19254==  Uninitialised value was created by a heap allocation
==19254==    at 0x4C2968A: operator new[](unsigned long) (vg_replace_malloc.c:389)
==19254==    by 0x4172A4: btte_peer_selection::IPeerSelect::SetCandidates(std::set<int, std::less<int>, std::allocator<int> > const&, bool) (peer_selection.cpp:63)
==19254==    by 0x4206A5: btte_peer_selection::ClusterBased::StartSelection(int, std::set<int, std::less<int>, std::allocator<int> > const&) (CB_peer_selection.cpp:83)
==19254==    by 0x41B324: PeerManager::AllotNeighbors(int) const (peer_manager.cpp:352)
==19254==    by 0x40B29B: EventHandler::PeerListReqRecvEvent(Event&) (event_handler.cpp:509)
==19254==    by 0x41198E: void std::_Mem_fn<void (EventHandler::*)(Event&)>::operator()<Event&, void>(EventHandler&, Event&) const (in /home/jm1592/BTTE/bin/BTTE)
==19254==    by 0x40F271: std::_Function_handler<void (EventHandler&, Event&), void (EventHandler::*)(Event&)>::_M_invoke(std::_Any_data const&, EventHandler&, Event&) (functional:2158)
==19254==    by 0x40CC56: std::function<void (EventHandler&, Event&)>::operator()(EventHandler&, Event&) const (functional:2471)
==19254==    by 0x40AE6C: EventHandler::ProcessArrival(Event&) (event_handler.cpp:430)
==19254==    by 0x40B641: EventHandler::ProcessEvent(Event&) (event_handler.cpp:620)
==19254==    by 0x40B6DB: EventHandler::StartRoutine() (event_handler.cpp:639)
==19254==    by 0x41817F: main (btte.cpp:81)
==19254== 
==19254== Conditional jump or move depends on uninitialised value(s)
==19254==    at 0x4EBABEF: std::ostreambuf_iterator<char, std::char_traits<char> > std::num_put<char, std::ostreambuf_iterator<char, std::char_traits<char> > >::_M_insert_int<long>(std::ostreambuf_iterator<char, std::char_traits<char> >, std::ios_base&, char, long) const (in /usr/lib64/libstdc++.so.6.0.19)
==19254==    by 0x4EBB18C: std::num_put<char, std::ostreambuf_iterator<char, std::char_traits<char> > >::do_put(std::ostreambuf_iterator<char, std::char_traits<char> >, std::ios_base&, char, long) const (in /usr/lib64/libstdc++.so.6.0.19)
==19254==    by 0x4EC6C1D: std::ostream& std::ostream::_M_insert<long>(long) (in /usr/lib64/libstdc++.so.6.0.19)
==19254==    by 0x4177C8: btte_peer_selection::IPeerSelect::DebugInfo(std::map<int, Neighbor, std::less<int>, std::allocator<std::pair<int const, Neighbor> > > const&, int) const (peer_selection.cpp:119)
==19254==    by 0x4206F3: btte_peer_selection::ClusterBased::StartSelection(int, std::set<int, std::less<int>, std::allocator<int> > const&) (CB_peer_selection.cpp:88)
==19254==    by 0x41B324: PeerManager::AllotNeighbors(int) const (peer_manager.cpp:352)
==19254==    by 0x40B29B: EventHandler::PeerListReqRecvEvent(Event&) (event_handler.cpp:509)
==19254==    by 0x41198E: void std::_Mem_fn<void (EventHandler::*)(Event&)>::operator()<Event&, void>(EventHandler&, Event&) const (in /home/jm1592/BTTE/bin/BTTE)
==19254==    by 0x40F271: std::_Function_handler<void (EventHandler&, Event&), void (EventHandler::*)(Event&)>::_M_invoke(std::_Any_data const&, EventHandler&, Event&) (functional:2158)
==19254==    by 0x40CC56: std::function<void (EventHandler&, Event&)>::operator()(EventHandler&, Event&) const (functional:2471)
==19254==    by 0x40AE6C: EventHandler::ProcessArrival(Event&) (event_handler.cpp:430)
==19254==    by 0x40B641: EventHandler::ProcessEvent(Event&) (event_handler.cpp:620)
==19254==  Uninitialised value was created by a heap allocation
==19254==    at 0x4C2968A: operator new[](unsigned long) (vg_replace_malloc.c:389)
==19254==    by 0x4172A4: btte_peer_selection::IPeerSelect::SetCandidates(std::set<int, std::less<int>, std::allocator<int> > const&, bool) (peer_selection.cpp:63)
==19254==    by 0x4206A5: btte_peer_selection::ClusterBased::StartSelection(int, std::set<int, std::less<int>, std::allocator<int> > const&) (CB_peer_selection.cpp:83)
==19254==    by 0x41B324: PeerManager::AllotNeighbors(int) const (peer_manager.cpp:352)
==19254==    by 0x40B29B: EventHandler::PeerListReqRecvEvent(Event&) (event_handler.cpp:509)
==19254==    by 0x41198E: void std::_Mem_fn<void (EventHandler::*)(Event&)>::operator()<Event&, void>(EventHandler&, Event&) const (in /home/jm1592/BTTE/bin/BTTE)
==19254==    by 0x40F271: std::_Function_handler<void (EventHandler&, Event&), void (EventHandler::*)(Event&)>::_M_invoke(std::_Any_data const&, EventHandler&, Event&) (functional:2158)
==19254==    by 0x40CC56: std::function<void (EventHandler&, Event&)>::operator()(EventHandler&, Event&) const (functional:2471)
==19254==    by 0x40AE6C: EventHandler::ProcessArrival(Event&) (event_handler.cpp:430)
==19254==    by 0x40B641: EventHandler::ProcessEvent(Event&) (event_handler.cpp:620)
==19254==    by 0x40B6DB: EventHandler::StartRoutine() (event_handler.cpp:639)
==19254==    by 0x41817F: main (btte.cpp:81)
==19254== 
==19254== Use of uninitialised value of size 8
==19254==    at 0x4EBAAE3: ??? (in /usr/lib64/libstdc++.so.6.0.19)
==19254==    by 0x4EBAC16: std::ostreambuf_iterator<char, std::char_traits<char> > std::num_put<char, std::ostreambuf_iterator<char, std::char_traits<char> > >::_M_insert_int<long>(std::ostreambuf_iterator<char, std::char_traits<char> >, std::ios_base&, char, long) const (in /usr/lib64/libstdc++.so.6.0.19)
==19254==    by 0x4EBB18C: std::num_put<char, std::ostreambuf_iterator<char, std::char_traits<char> > >::do_put(std::ostreambuf_iterator<char, std::char_traits<char> >, std::ios_base&, char, long) const (in /usr/lib64/libstdc++.so.6.0.19)
==19254==    by 0x4EC6C1D: std::ostream& std::ostream::_M_insert<long>(long) (in /usr/lib64/libstdc++.so.6.0.19)
==19254==    by 0x4177C8: btte_peer_selection::IPeerSelect::DebugInfo(std::map<int, Neighbor, std::less<int>, std::allocator<std::pair<int const, Neighbor> > > const&, int) const (peer_selection.cpp:119)
==19254==    by 0x4206F3: btte_peer_selection::ClusterBased::StartSelection(int, std::set<int, std::less<int>, std::allocator<int> > const&) (CB_peer_selection.cpp:88)
==19254==    by 0x41B324: PeerManager::AllotNeighbors(int) const (peer_manager.cpp:352)
==19254==    by 0x40B29B: EventHandler::PeerListReqRecvEvent(Event&) (event_handler.cpp:509)
==19254==    by 0x41198E: void std::_Mem_fn<void (EventHandler::*)(Event&)>::operator()<Event&, void>(EventHandler&, Event&) const (in /home/jm1592/BTTE/bin/BTTE)
==19254==    by 0x40F271: std::_Function_handler<void (EventHandler&, Event&), void (EventHandler::*)(Event&)>::_M_invoke(std::_Any_data const&, EventHandler&, Event&) (functional:2158)
==19254==    by 0x40CC56: std::function<void (EventHandler&, Event&)>::operator()(EventHandler&, Event&) const (functional:2471)
==19254==    by 0x40AE6C: EventHandler::ProcessArrival(Event&) (event_handler.cpp:430)
==19254==  Uninitialised value was created by a heap allocation
==19254==    at 0x4C2968A: operator new[](unsigned long) (vg_replace_malloc.c:389)
==19254==    by 0x4172A4: btte_peer_selection::IPeerSelect::SetCandidates(std::set<int, std::less<int>, std::allocator<int> > const&, bool) (peer_selection.cpp:63)
==19254==    by 0x4206A5: btte_peer_selection::ClusterBased::StartSelection(int, std::set<int, std::less<int>, std::allocator<int> > const&) (CB_peer_selection.cpp:83)
==19254==    by 0x41B324: PeerManager::AllotNeighbors(int) const (peer_manager.cpp:352)
==19254==    by 0x40B29B: EventHandler::PeerListReqRecvEvent(Event&) (event_handler.cpp:509)
==19254==    by 0x41198E: void std::_Mem_fn<void (EventHandler::*)(Event&)>::operator()<Event&, void>(EventHandler&, Event&) const (in /home/jm1592/BTTE/bin/BTTE)
==19254==    by 0x40F271: std::_Function_handler<void (EventHandler&, Event&), void (EventHandler::*)(Event&)>::_M_invoke(std::_Any_data const&, EventHandler&, Event&) (functional:2158)
==19254==    by 0x40CC56: std::function<void (EventHandler&, Event&)>::operator()(EventHandler&, Event&) const (functional:2471)
==19254==    by 0x40AE6C: EventHandler::ProcessArrival(Event&) (event_handler.cpp:430)
==19254==    by 0x40B641: EventHandler::ProcessEvent(Event&) (event_handler.cpp:620)
==19254==    by 0x40B6DB: EventHandler::StartRoutine() (event_handler.cpp:639)
==19254==    by 0x41817F: main (btte.cpp:81)
==19254== 
==19254== Conditional jump or move depends on uninitialised value(s)
==19254==    at 0x4EBAAEF: ??? (in /usr/lib64/libstdc++.so.6.0.19)
==19254==    by 0x4EBAC16: std::ostreambuf_iterator<char, std::char_traits<char> > std::num_put<char, std::ostreambuf_iterator<char, std::char_traits<char> > >::_M_insert_int<long>(std::ostreambuf_iterator<char, std::char_traits<char> >, std::ios_base&, char, long) const (in /usr/lib64/libstdc++.so.6.0.19)
==19254==    by 0x4EBB18C: std::num_put<char, std::ostreambuf_iterator<char, std::char_traits<char> > >::do_put(std::ostreambuf_iterator<char, std::char_traits<char> >, std::ios_base&, char, long) const (in /usr/lib64/libstdc++.so.6.0.19)
==19254==    by 0x4EC6C1D: std::ostream& std::ostream::_M_insert<long>(long) (in /usr/lib64/libstdc++.so.6.0.19)
==19254==    by 0x4177C8: btte_peer_selection::IPeerSelect::DebugInfo(std::map<int, Neighbor, std::less<int>, std::allocator<std::pair<int const, Neighbor> > > const&, int) const (peer_selection.cpp:119)
==19254==    by 0x4206F3: btte_peer_selection::ClusterBased::StartSelection(int, std::set<int, std::less<int>, std::allocator<int> > const&) (CB_peer_selection.cpp:88)
==19254==    by 0x41B324: PeerManager::AllotNeighbors(int) const (peer_manager.cpp:352)
==19254==    by 0x40B29B: EventHandler::PeerListReqRecvEvent(Event&) (event_handler.cpp:509)
==19254==    by 0x41198E: void std::_Mem_fn<void (EventHandler::*)(Event&)>::operator()<Event&, void>(EventHandler&, Event&) const (in /home/jm1592/BTTE/bin/BTTE)
==19254==    by 0x40F271: std::_Function_handler<void (EventHandler&, Event&), void (EventHandler::*)(Event&)>::_M_invoke(std::_Any_data const&, EventHandler&, Event&) (functional:2158)
==19254==    by 0x40CC56: std::function<void (EventHandler&, Event&)>::operator()(EventHandler&, Event&) const (functional:2471)
==19254==    by 0x40AE6C: EventHandler::ProcessArrival(Event&) (event_handler.cpp:430)
==19254==  Uninitialised value was created by a heap allocation
==19254==    at 0x4C2968A: operator new[](unsigned long) (vg_replace_malloc.c:389)
==19254==    by 0x4172A4: btte_peer_selection::IPeerSelect::SetCandidates(std::set<int, std::less<int>, std::allocator<int> > const&, bool) (peer_selection.cpp:63)
==19254==    by 0x4206A5: btte_peer_selection::ClusterBased::StartSelection(int, std::set<int, std::less<int>, std::allocator<int> > const&) (CB_peer_selection.cpp:83)
==19254==    by 0x41B324: PeerManager::AllotNeighbors(int) const (peer_manager.cpp:352)
==19254==    by 0x40B29B: EventHandler::PeerListReqRecvEvent(Event&) (event_handler.cpp:509)
==19254==    by 0x41198E: void std::_Mem_fn<void (EventHandler::*)(Event&)>::operator()<Event&, void>(EventHandler&, Event&) const (in /home/jm1592/BTTE/bin/BTTE)
==19254==    by 0x40F271: std::_Function_handler<void (EventHandler&, Event&), void (EventHandler::*)(Event&)>::_M_invoke(std::_Any_data const&, EventHandler&, Event&) (functional:2158)
==19254==    by 0x40CC56: std::function<void (EventHandler&, Event&)>::operator()(EventHandler&, Event&) const (functional:2471)
==19254==    by 0x40AE6C: EventHandler::ProcessArrival(Event&) (event_handler.cpp:430)
==19254==    by 0x40B641: EventHandler::ProcessEvent(Event&) (event_handler.cpp:620)
==19254==    by 0x40B6DB: EventHandler::StartRoutine() (event_handler.cpp:639)
==19254==    by 0x41817F: main (btte.cpp:81)
==19254== 
==19254== Conditional jump or move depends on uninitialised value(s)
==19254==    at 0x4EBAC44: std::ostreambuf_iterator<char, std::char_traits<char> > std::num_put<char, std::ostreambuf_iterator<char, std::char_traits<char> > >::_M_insert_int<long>(std::ostreambuf_iterator<char, std::char_traits<char> >, std::ios_base&, char, long) const (in /usr/lib64/libstdc++.so.6.0.19)
==19254==    by 0x4EBB18C: std::num_put<char, std::ostreambuf_iterator<char, std::char_traits<char> > >::do_put(std::ostreambuf_iterator<char, std::char_traits<char> >, std::ios_base&, char, long) const (in /usr/lib64/libstdc++.so.6.0.19)
==19254==    by 0x4EC6C1D: std::ostream& std::ostream::_M_insert<long>(long) (in /usr/lib64/libstdc++.so.6.0.19)
==19254==    by 0x4177C8: btte_peer_selection::IPeerSelect::DebugInfo(std::map<int, Neighbor, std::less<int>, std::allocator<std::pair<int const, Neighbor> > > const&, int) const (peer_selection.cpp:119)
==19254==    by 0x4206F3: btte_peer_selection::ClusterBased::StartSelection(int, std::set<int, std::less<int>, std::allocator<int> > const&) (CB_peer_selection.cpp:88)
==19254==    by 0x41B324: PeerManager::AllotNeighbors(int) const (peer_manager.cpp:352)
==19254==    by 0x40B29B: EventHandler::PeerListReqRecvEvent(Event&) (event_handler.cpp:509)
==19254==    by 0x41198E: void std::_Mem_fn<void (EventHandler::*)(Event&)>::operator()<Event&, void>(EventHandler&, Event&) const (in /home/jm1592/BTTE/bin/BTTE)
==19254==    by 0x40F271: std::_Function_handler<void (EventHandler&, Event&), void (EventHandler::*)(Event&)>::_M_invoke(std::_Any_data const&, EventHandler&, Event&) (functional:2158)
==19254==    by 0x40CC56: std::function<void (EventHandler&, Event&)>::operator()(EventHandler&, Event&) const (functional:2471)
==19254==    by 0x40AE6C: EventHandler::ProcessArrival(Event&) (event_handler.cpp:430)
==19254==    by 0x40B641: EventHandler::ProcessEvent(Event&) (event_handler.cpp:620)
==19254==  Uninitialised value was created by a heap allocation
==19254==    at 0x4C2968A: operator new[](unsigned long) (vg_replace_malloc.c:389)
==19254==    by 0x4172A4: btte_peer_selection::IPeerSelect::SetCandidates(std::set<int, std::less<int>, std::allocator<int> > const&, bool) (peer_selection.cpp:63)
==19254==    by 0x4206A5: btte_peer_selection::ClusterBased::StartSelection(int, std::set<int, std::less<int>, std::allocator<int> > const&) (CB_peer_selection.cpp:83)
==19254==    by 0x41B324: PeerManager::AllotNeighbors(int) const (peer_manager.cpp:352)
==19254==    by 0x40B29B: EventHandler::PeerListReqRecvEvent(Event&) (event_handler.cpp:509)
==19254==    by 0x41198E: void std::_Mem_fn<void (EventHandler::*)(Event&)>::operator()<Event&, void>(EventHandler&, Event&) const (in /home/jm1592/BTTE/bin/BTTE)
==19254==    by 0x40F271: std::_Function_handler<void (EventHandler&, Event&), void (EventHandler::*)(Event&)>::_M_invoke(std::_Any_data const&, EventHandler&, Event&) (functional:2158)
==19254==    by 0x40CC56: std::function<void (EventHandler&, Event&)>::operator()(EventHandler&, Event&) const (functional:2471)
==19254==    by 0x40AE6C: EventHandler::ProcessArrival(Event&) (event_handler.cpp:430)
==19254==    by 0x40B641: EventHandler::ProcessEvent(Event&) (event_handler.cpp:620)
==19254==    by 0x40B6DB: EventHandler::StartRoutine() (event_handler.cpp:639)
==19254==    by 0x41817F: main (btte.cpp:81)
==19254== 
==19254== 
==19254== HEAP SUMMARY:
==19254==     in use at exit: 955,061 bytes in 9,300 blocks
==19254==   total heap usage: 466,453 allocs, 457,609 frees, 21,034,552 bytes allocated
==19254== 
==19254== 29 bytes in 1 blocks are possibly lost in loss record 5 of 88
==19254==    at 0x4C28FE5: operator new(unsigned long) (vg_replace_malloc.c:324)
==19254==    by 0x4EEB9C8: std::string::_Rep::_S_create(unsigned long, unsigned long, std::allocator<char> const&) (in /usr/lib64/libstdc++.so.6.0.19)
==19254==    by 0x4EEBB55: std::string::_M_mutate(unsigned long, unsigned long, unsigned long) (in /usr/lib64/libstdc++.so.6.0.19)
==19254==    by 0x4EEC0FD: std::string::_M_replace_safe(unsigned long, unsigned long, char const*, unsigned long) (in /usr/lib64/libstdc++.so.6.0.19)
==19254==    by 0x417E9C: (anonymous namespace)::RSC2Str(std::map<RandSeedCases, std::string, std::less<RandSeedCases>, std::allocator<std::pair<RandSeedCases const, std::string> > >&) (btte.cpp:31)
==19254==    by 0x417F5E: main (btte.cpp:48)
==19254== 
==19254== 29 bytes in 1 blocks are possibly lost in loss record 6 of 88
==19254==    at 0x4C28FE5: operator new(unsigned long) (vg_replace_malloc.c:324)
==19254==    by 0x4EEB9C8: std::string::_Rep::_S_create(unsigned long, unsigned long, std::allocator<char> const&) (in /usr/lib64/libstdc++.so.6.0.19)
==19254==    by 0x4EEBB55: std::string::_M_mutate(unsigned long, unsigned long, unsigned long) (in /usr/lib64/libstdc++.so.6.0.19)
==19254==    by 0x4EEC0FD: std::string::_M_replace_safe(unsigned long, unsigned long, char const*, unsigned long) (in /usr/lib64/libstdc++.so.6.0.19)
==19254==    by 0x417EC3: (anonymous namespace)::RSC2Str(std::map<RandSeedCases, std::string, std::less<RandSeedCases>, std::allocator<std::pair<RandSeedCases const, std::string> > >&) (btte.cpp:32)
==19254==    by 0x417F5E: main (btte.cpp:48)
==19254== 
==19254== 29 bytes in 1 blocks are possibly lost in loss record 7 of 88
==19254==    at 0x4C28FE5: operator new(unsigned long) (vg_replace_malloc.c:324)
==19254==    by 0x4EEB9C8: std::string::_Rep::_S_create(unsigned long, unsigned long, std::allocator<char> const&) (in /usr/lib64/libstdc++.so.6.0.19)
==19254==    by 0x4EEBB55: std::string::_M_mutate(unsigned long, unsigned long, unsigned long) (in /usr/lib64/libstdc++.so.6.0.19)
==19254==    by 0x4EEC0FD: std::string::_M_replace_safe(unsigned long, unsigned long, char const*, unsigned long) (in /usr/lib64/libstdc++.so.6.0.19)
==19254==    by 0x417EEA: (anonymous namespace)::RSC2Str(std::map<RandSeedCases, std::string, std::less<RandSeedCases>, std::allocator<std::pair<RandSeedCases const, std::string> > >&) (btte.cpp:33)
==19254==    by 0x417F5E: main (btte.cpp:48)
==19254== 
==19254== 29 bytes in 1 blocks are possibly lost in loss record 8 of 88
==19254==    at 0x4C28FE5: operator new(unsigned long) (vg_replace_malloc.c:324)
==19254==    by 0x4EEB9C8: std::string::_Rep::_S_create(unsigned long, unsigned long, std::allocator<char> const&) (in /usr/lib64/libstdc++.so.6.0.19)
==19254==    by 0x4EEBB55: std::string::_M_mutate(unsigned long, unsigned long, unsigned long) (in /usr/lib64/libstdc++.so.6.0.19)
==19254==    by 0x4EEC0FD: std::string::_M_replace_safe(unsigned long, unsigned long, char const*, unsigned long) (in /usr/lib64/libstdc++.so.6.0.19)
==19254==    by 0x417F11: (anonymous namespace)::RSC2Str(std::map<RandSeedCases, std::string, std::less<RandSeedCases>, std::allocator<std::pair<RandSeedCases const, std::string> > >&) (btte.cpp:34)
==19254==    by 0x417F5E: main (btte.cpp:48)
==19254== 
==19254== 32 bytes in 1 blocks are possibly lost in loss record 9 of 88
==19254==    at 0x4C28FE5: operator new(unsigned long) (vg_replace_malloc.c:324)
==19254==    by 0x4EEB9C8: std::string::_Rep::_S_create(unsigned long, unsigned long, std::allocator<char> const&) (in /usr/lib64/libstdc++.so.6.0.19)
==19254==    by 0x4EEBB55: std::string::_M_mutate(unsigned long, unsigned long, unsigned long) (in /usr/lib64/libstdc++.so.6.0.19)
==19254==    by 0x4EEC0FD: std::string::_M_replace_safe(unsigned long, unsigned long, char const*, unsigned long) (in /usr/lib64/libstdc++.so.6.0.19)
==19254==    by 0x417E75: (anonymous namespace)::RSC2Str(std::map<RandSeedCases, std::string, std::less<RandSeedCases>, std::allocator<std::pair<RandSeedCases const, std::string> > >&) (btte.cpp:30)
==19254==    by 0x417F5E: main (btte.cpp:48)
==19254== 
==19254== 35 bytes in 1 blocks are possibly lost in loss record 10 of 88
==19254==    at 0x4C28FE5: operator new(unsigned long) (vg_replace_malloc.c:324)
==19254==    by 0x4EEB9C8: std::string::_Rep::_S_create(unsigned long, unsigned long, std::allocator<char> const&) (in /usr/lib64/libstdc++.so.6.0.19)
==19254==    by 0x4EEBB55: std::string::_M_mutate(unsigned long, unsigned long, unsigned long) (in /usr/lib64/libstdc++.so.6.0.19)
==19254==    by 0x4EEC0FD: std::string::_M_replace_safe(unsigned long, unsigned long, char const*, unsigned long) (in /usr/lib64/libstdc++.so.6.0.19)
==19254==    by 0x417CEF: (anonymous namespace)::RSC2Str(std::map<RandSeedCases, std::string, std::less<RandSeedCases>, std::allocator<std::pair<RandSeedCases const, std::string> > >&) (btte.cpp:20)
==19254==    by 0x417F5E: main (btte.cpp:48)
==19254== 
==19254== 35 bytes in 1 blocks are possibly lost in loss record 11 of 88
==19254==    at 0x4C28FE5: operator new(unsigned long) (vg_replace_malloc.c:324)
==19254==    by 0x4EEB9C8: std::string::_Rep::_S_create(unsigned long, unsigned long, std::allocator<char> const&) (in /usr/lib64/libstdc++.so.6.0.19)
==19254==    by 0x4EEBB55: std::string::_M_mutate(unsigned long, unsigned long, unsigned long) (in /usr/lib64/libstdc++.so.6.0.19)
==19254==    by 0x4EEC0FD: std::string::_M_replace_safe(unsigned long, unsigned long, char const*, unsigned long) (in /usr/lib64/libstdc++.so.6.0.19)
==19254==    by 0x417D64: (anonymous namespace)::RSC2Str(std::map<RandSeedCases, std::string, std::less<RandSeedCases>, std::allocator<std::pair<RandSeedCases const, std::string> > >&) (btte.cpp:23)
==19254==    by 0x417F5E: main (btte.cpp:48)
==19254== 
==19254== 42 bytes in 1 blocks are possibly lost in loss record 15 of 88
==19254==    at 0x4C28FE5: operator new(unsigned long) (vg_replace_malloc.c:324)
==19254==    by 0x4EEB9C8: std::string::_Rep::_S_create(unsigned long, unsigned long, std::allocator<char> const&) (in /usr/lib64/libstdc++.so.6.0.19)
==19254==    by 0x4EEBB55: std::string::_M_mutate(unsigned long, unsigned long, unsigned long) (in /usr/lib64/libstdc++.so.6.0.19)
==19254==    by 0x4EEC0FD: std::string::_M_replace_safe(unsigned long, unsigned long, char const*, unsigned long) (in /usr/lib64/libstdc++.so.6.0.19)
==19254==    by 0x417D8B: (anonymous namespace)::RSC2Str(std::map<RandSeedCases, std::string, std::less<RandSeedCases>, std::allocator<std::pair<RandSeedCases const, std::string> > >&) (btte.cpp:24)
==19254==    by 0x417F5E: main (btte.cpp:48)
==19254== 
==19254== 44 bytes in 1 blocks are possibly lost in loss record 16 of 88
==19254==    at 0x4C28FE5: operator new(unsigned long) (vg_replace_malloc.c:324)
==19254==    by 0x4EEB9C8: std::string::_Rep::_S_create(unsigned long, unsigned long, std::allocator<char> const&) (in /usr/lib64/libstdc++.so.6.0.19)
==19254==    by 0x4EEBB55: std::string::_M_mutate(unsigned long, unsigned long, unsigned long) (in /usr/lib64/libstdc++.so.6.0.19)
==19254==    by 0x4EEC0FD: std::string::_M_replace_safe(unsigned long, unsigned long, char const*, unsigned long) (in /usr/lib64/libstdc++.so.6.0.19)
==19254==    by 0x417D16: (anonymous namespace)::RSC2Str(std::map<RandSeedCases, std::string, std::less<RandSeedCases>, std::allocator<std::pair<RandSeedCases const, std::string> > >&) (btte.cpp:21)
==19254==    by 0x417F5E: main (btte.cpp:48)
==19254== 
==19254== 47 bytes in 1 blocks are possibly lost in loss record 17 of 88
==19254==    at 0x4C28FE5: operator new(unsigned long) (vg_replace_malloc.c:324)
==19254==    by 0x4EEB9C8: std::string::_Rep::_S_create(unsigned long, unsigned long, std::allocator<char> const&) (in /usr/lib64/libstdc++.so.6.0.19)
==19254==    by 0x4EEBB55: std::string::_M_mutate(unsigned long, unsigned long, unsigned long) (in /usr/lib64/libstdc++.so.6.0.19)
==19254==    by 0x4EEC0FD: std::string::_M_replace_safe(unsigned long, unsigned long, char const*, unsigned long) (in /usr/lib64/libstdc++.so.6.0.19)
==19254==    by 0x417E27: (anonymous namespace)::RSC2Str(std::map<RandSeedCases, std::string, std::less<RandSeedCases>, std::allocator<std::pair<RandSeedCases const, std::string> > >&) (btte.cpp:28)
==19254==    by 0x417F5E: main (btte.cpp:48)
==19254== 
==19254== 47 bytes in 1 blocks are possibly lost in loss record 18 of 88
==19254==    at 0x4C28FE5: operator new(unsigned long) (vg_replace_malloc.c:324)
==19254==    by 0x4EEB9C8: std::string::_Rep::_S_create(unsigned long, unsigned long, std::allocator<char> const&) (in /usr/lib64/libstdc++.so.6.0.19)
==19254==    by 0x4EED0F0: char* std::string::_S_construct<char const*>(char const*, char const*, std::allocator<char> const&, std::forward_iterator_tag) (in /usr/lib64/libstdc++.so.6.0.19)
==19254==    by 0x4EED507: std::basic_string<char, std::char_traits<char>, std::allocator<char> >::basic_string(char const*, std::allocator<char> const&) (in /usr/lib64/libstdc++.so.6.0.19)
==19254==    by 0x4EE1CB2: std::__throw_out_of_range(char const*) (in /usr/lib64/libstdc++.so.6.0.19)
==19254==    by 0x404CC2: std::vector<Peer, std::allocator<Peer> >::_M_range_check(unsigned long) const (stl_vector.h:794)
==19254==    by 0x404764: std::vector<Peer, std::allocator<Peer> >::at(unsigned long) (stl_vector.h:812)
==19254==    by 0x42056D: btte_peer_selection::ClusterBased::AssignNeighbors(std::map<int, Neighbor, std::less<int>, std::allocator<std::pair<int const, Neighbor> > >&, unsigned long, int) (CB_peer_selection.cpp:49)
==19254==    by 0x4206DD: btte_peer_selection::ClusterBased::StartSelection(int, std::set<int, std::less<int>, std::allocator<int> > const&) (CB_peer_selection.cpp:86)
==19254==    by 0x41B324: PeerManager::AllotNeighbors(int) const (peer_manager.cpp:352)
==19254==    by 0x40B29B: EventHandler::PeerListReqRecvEvent(Event&) (event_handler.cpp:509)
==19254==    by 0x41198E: void std::_Mem_fn<void (EventHandler::*)(Event&)>::operator()<Event&, void>(EventHandler&, Event&) const (in /home/jm1592/BTTE/bin/BTTE)
==19254== 
==19254== 48 bytes in 1 blocks are possibly lost in loss record 34 of 88
==19254==    at 0x4C28FE5: operator new(unsigned long) (vg_replace_malloc.c:324)
==19254==    by 0x4EEB9C8: std::string::_Rep::_S_create(unsigned long, unsigned long, std::allocator<char> const&) (in /usr/lib64/libstdc++.so.6.0.19)
==19254==    by 0x4EEBB55: std::string::_M_mutate(unsigned long, unsigned long, unsigned long) (in /usr/lib64/libstdc++.so.6.0.19)
==19254==    by 0x4EEC0FD: std::string::_M_replace_safe(unsigned long, unsigned long, char const*, unsigned long) (in /usr/lib64/libstdc++.so.6.0.19)
==19254==    by 0x417DB2: (anonymous namespace)::RSC2Str(std::map<RandSeedCases, std::string, std::less<RandSeedCases>, std::allocator<std::pair<RandSeedCases const, std::string> > >&) (btte.cpp:25)
==19254==    by 0x417F5E: main (btte.cpp:48)
==19254== 
==19254== 51 bytes in 1 blocks are possibly lost in loss record 35 of 88
==19254==    at 0x4C28FE5: operator new(unsigned long) (vg_replace_malloc.c:324)
==19254==    by 0x4EEB9C8: std::string::_Rep::_S_create(unsigned long, unsigned long, std::allocator<char> const&) (in /usr/lib64/libstdc++.so.6.0.19)
==19254==    by 0x4EEBB55: std::string::_M_mutate(unsigned long, unsigned long, unsigned long) (in /usr/lib64/libstdc++.so.6.0.19)
==19254==    by 0x4EEC0FD: std::string::_M_replace_safe(unsigned long, unsigned long, char const*, unsigned long) (in /usr/lib64/libstdc++.so.6.0.19)
==19254==    by 0x417D3D: (anonymous namespace)::RSC2Str(std::map<RandSeedCases, std::string, std::less<RandSeedCases>, std::allocator<std::pair<RandSeedCases const, std::string> > >&) (btte.cpp:22)
==19254==    by 0x417F5E: main (btte.cpp:48)
==19254== 
==19254== 53 bytes in 1 blocks are possibly lost in loss record 36 of 88
==19254==    at 0x4C28FE5: operator new(unsigned long) (vg_replace_malloc.c:324)
==19254==    by 0x4EEB9C8: std::string::_Rep::_S_create(unsigned long, unsigned long, std::allocator<char> const&) (in /usr/lib64/libstdc++.so.6.0.19)
==19254==    by 0x4EEBB55: std::string::_M_mutate(unsigned long, unsigned long, unsigned long) (in /usr/lib64/libstdc++.so.6.0.19)
==19254==    by 0x4EEC0FD: std::string::_M_replace_safe(unsigned long, unsigned long, char const*, unsigned long) (in /usr/lib64/libstdc++.so.6.0.19)
==19254==    by 0x417E00: (anonymous namespace)::RSC2Str(std::map<RandSeedCases, std::string, std::less<RandSeedCases>, std::allocator<std::pair<RandSeedCases const, std::string> > >&) (btte.cpp:27)
==19254==    by 0x417F5E: main (btte.cpp:48)
==19254== 
==19254== 53 bytes in 1 blocks are possibly lost in loss record 37 of 88
==19254==    at 0x4C28FE5: operator new(unsigned long) (vg_replace_malloc.c:324)
==19254==    by 0x4EEB9C8: std::string::_Rep::_S_create(unsigned long, unsigned long, std::allocator<char> const&) (in /usr/lib64/libstdc++.so.6.0.19)
==19254==    by 0x4EEBB55: std::string::_M_mutate(unsigned long, unsigned long, unsigned long) (in /usr/lib64/libstdc++.so.6.0.19)
==19254==    by 0x4EEC0FD: std::string::_M_replace_safe(unsigned long, unsigned long, char const*, unsigned long) (in /usr/lib64/libstdc++.so.6.0.19)
==19254==    by 0x417E4E: (anonymous namespace)::RSC2Str(std::map<RandSeedCases, std::string, std::less<RandSeedCases>, std::allocator<std::pair<RandSeedCases const, std::string> > >&) (btte.cpp:29)
==19254==    by 0x417F5E: main (btte.cpp:48)
==19254== 
==19254== 54 bytes in 1 blocks are possibly lost in loss record 38 of 88
==19254==    at 0x4C28FE5: operator new(unsigned long) (vg_replace_malloc.c:324)
==19254==    by 0x4EEB9C8: std::string::_Rep::_S_create(unsigned long, unsigned long, std::allocator<char> const&) (in /usr/lib64/libstdc++.so.6.0.19)
==19254==    by 0x4EEBB55: std::string::_M_mutate(unsigned long, unsigned long, unsigned long) (in /usr/lib64/libstdc++.so.6.0.19)
==19254==    by 0x4EEC0FD: std::string::_M_replace_safe(unsigned long, unsigned long, char const*, unsigned long) (in /usr/lib64/libstdc++.so.6.0.19)
==19254==    by 0x417DD9: (anonymous namespace)::RSC2Str(std::map<RandSeedCases, std::string, std::less<RandSeedCases>, std::allocator<std::pair<RandSeedCases const, std::string> > >&) (btte.cpp:26)
==19254==    by 0x417F5E: main (btte.cpp:48)
==19254== 
==19254== 144 bytes in 1 blocks are possibly lost in loss record 66 of 88
==19254==    at 0x4C28ADD: malloc (vg_replace_malloc.c:296)
==19254==    by 0x4E8F582: __cxa_allocate_exception (in /usr/lib64/libstdc++.so.6.0.19)
==19254==    by 0x4EE1C92: std::__throw_out_of_range(char const*) (in /usr/lib64/libstdc++.so.6.0.19)
==19254==    by 0x404CC2: std::vector<Peer, std::allocator<Peer> >::_M_range_check(unsigned long) const (stl_vector.h:794)
==19254==    by 0x404764: std::vector<Peer, std::allocator<Peer> >::at(unsigned long) (stl_vector.h:812)
==19254==    by 0x42056D: btte_peer_selection::ClusterBased::AssignNeighbors(std::map<int, Neighbor, std::less<int>, std::allocator<std::pair<int const, Neighbor> > >&, unsigned long, int) (CB_peer_selection.cpp:49)
==19254==    by 0x4206DD: btte_peer_selection::ClusterBased::StartSelection(int, std::set<int, std::less<int>, std::allocator<int> > const&) (CB_peer_selection.cpp:86)
==19254==    by 0x41B324: PeerManager::AllotNeighbors(int) const (peer_manager.cpp:352)
==19254==    by 0x40B29B: EventHandler::PeerListReqRecvEvent(Event&) (event_handler.cpp:509)
==19254==    by 0x41198E: void std::_Mem_fn<void (EventHandler::*)(Event&)>::operator()<Event&, void>(EventHandler&, Event&) const (in /home/jm1592/BTTE/bin/BTTE)
==19254==    by 0x40F271: std::_Function_handler<void (EventHandler&, Event&), void (EventHandler::*)(Event&)>::_M_invoke(std::_Any_data const&, EventHandler&, Event&) (functional:2158)
==19254==    by 0x40CC56: std::function<void (EventHandler&, Event&)>::operator()(EventHandler&, Event&) const (functional:2471)
==19254== 
==19254== 100,360 (9,120 direct, 91,240 indirect) bytes in 228 blocks are definitely lost in loss record 86 of 88
==19254==    at 0x4C28FE5: operator new(unsigned long) (vg_replace_malloc.c:324)
==19254==    by 0x4065BB: __gnu_cxx::new_allocator<std::_Rb_tree_node<int> >::allocate(unsigned long, void const*) (new_allocator.h:104)
==19254==    by 0x4064E1: std::_Rb_tree<int, int, std::_Identity<int>, std::less<int>, std::allocator<int> >::_M_get_node() (stl_tree.h:370)
==19254==    by 0x4062B6: std::_Rb_tree_node<int>* std::_Rb_tree<int, int, std::_Identity<int>, std::less<int>, std::allocator<int> >::_M_create_node<int const&>(int const&) (stl_tree.h:403)
==19254==    by 0x406374: std::_Rb_tree<int, int, std::_Identity<int>, std::less<int>, std::allocator<int> >::_M_clone_node(std::_Rb_tree_node<int> const*) (stl_tree.h:429)
==19254==    by 0x405D17: std::_Rb_tree<int, int, std::_Identity<int>, std::less<int>, std::allocator<int> >::_M_copy(std::_Rb_tree_node<int> const*, std::_Rb_tree_node<int>*) (stl_tree.h:1087)
==19254==    by 0x405D56: std::_Rb_tree<int, int, std::_Identity<int>, std::less<int>, std::allocator<int> >::_M_copy(std::_Rb_tree_node<int> const*, std::_Rb_tree_node<int>*) (stl_tree.h:1093)
==19254==    by 0x4053F9: std::_Rb_tree<int, int, std::_Identity<int>, std::less<int>, std::allocator<int> >::_Rb_tree(std::_Rb_tree<int, int, std::_Identity<int>, std::less<int>, std::allocator<int> > const&) (stl_tree.h:659)
==19254==    by 0x404BC6: std::set<int, std::less<int>, std::allocator<int> >::set(std::set<int, std::less<int>, std::allocator<int> > const&) (stl_set.h:194)
==19254==    by 0x4171CD: btte_peer_selection::IPeerSelect::ExcludeSelf(std::set<int, std::less<int>, std::allocator<int> > const&) (peer_selection.cpp:47)
==19254==    by 0x41725F: btte_peer_selection::IPeerSelect::SetCandidates(std::set<int, std::less<int>, std::allocator<int> > const&, bool) (peer_selection.cpp:60)
==19254==    by 0x4206A5: btte_peer_selection::ClusterBased::StartSelection(int, std::set<int, std::less<int>, std::allocator<int> > const&) (CB_peer_selection.cpp:83)
==19254== 
==19254== LEAK SUMMARY:
==19254==    definitely lost: 9,120 bytes in 228 blocks
==19254==    indirectly lost: 91,240 bytes in 2,281 blocks
==19254==      possibly lost: 801 bytes in 17 blocks
==19254==    still reachable: 853,900 bytes in 6,774 blocks
==19254==         suppressed: 0 bytes in 0 blocks
==19254== Reachable blocks (those to which a pointer was found) are not shown.
==19254== To see them, rerun with: --leak-check=full --show-leak-kinds=all
==19254== 
==19254== For counts of detected and suppressed errors, rerun with: -v
==19254== ERROR SUMMARY: 18985 errors from 38 contexts (suppressed: 1 from 1)
